<?xml version="1.0" encoding="utf-8"?><testsuites name="pytest tests"><testsuite name="pytest" errors="0" failures="0" skipped="0" tests="7" time="0.302" timestamp="2026-08-21T22:13:58.206257+08:00" hostname="Eric"><testcase classname="tests.api.test_recommendation" name="test_live_catalog_blocks_every_unreviewed_rule_from_candidate_pool" time="0.001" /><testcase classname="tests.api.test_recommendation" name="test_missing_goal_and_ambiguous_age_fail_closed" time="0.000" /><testcase classname="tests.api.test_recommendation" name="test_medical_or_allergy_constraint_never_receives_personalized_targets" time="0.000" /><testcase classname="tests.api.test_recommendation" name="test_verified_fat_loss_rules_create_one_deterministic_primary_plan" time="0.000" /><testcase classname="tests.api.test_recommendation" name="test_verified_muscle_and_glucose_rules_create_goal_specific_targets" time="0.000" /><testcase classname="tests.api.test_recommendation" name="test_unknown_glyph_or_missing_second_review_is_ineligible" time="0.000" /><testcase classname="tests.api.test_recommendation" name="test_recommendation_endpoint_reports_live_review_gate_without_fabrication" time="0.009" /></testsuite></testsuites>