<?xml version="1.0" encoding="utf-8"?><testsuites name="pytest tests"><testsuite name="pytest" errors="0" failures="0" skipped="0" tests="5" time="0.098" timestamp="2026-08-22T13:06:49.877193+08:00" hostname="Eric"><testcase classname="tests.test_release_runner" name="test_score_turn_requires_inline_support_and_rejects_source_leakage" time="0.000" /><testcase classname="tests.test_release_runner" name="test_http_error_contract_is_scored_without_answer_metrics" time="0.000" /><testcase classname="tests.test_release_runner" name="test_metrics_and_frozen_thresholds_are_deterministic" time="0.000" /><testcase classname="tests.test_release_golden_errata" name="test_errata_preserves_v1_and_thresholds_and_validates" time="0.002" /><testcase classname="tests.test_release_golden_errata" name="test_errata_fixes_only_the_documented_case_turns" time="0.002" /></testsuite></testsuites>