<?xml version="1.0" encoding="utf-8"?><testsuites name="pytest tests"><testsuite name="pytest" errors="0" failures="0" skipped="0" tests="188" time="2.413" timestamp="2026-08-22T00:20:18.476182+08:00" hostname="Eric"><testcase classname="tests.api.test_app" name="test_health_is_live_without_external_dependencies" time="0.012" /><testcase classname="tests.api.test_app" name="test_request_id_is_stable_and_exposed" time="0.010" /><testcase classname="tests.api.test_app" name="test_invalid_request_id_is_replaced" time="0.008" /><testcase classname="tests.api.test_app" name="test_cors_allows_only_configured_web_origin" time="0.010" /><testcase classname="tests.api.test_app" name="test_openapi_contains_health_chat_and_shared_contracts" time="0.049" /><testcase classname="tests.api.test_app" name="test_chat_mock_sse_is_explicitly_disclosed" time="0.016" /><testcase classname="tests.api.test_app" name="test_validation_and_404_use_stable_error_contract" time="0.012" /><testcase classname="tests.api.test_app" name="test_request_body_limit_fails_before_validation_with_stable_413" time="0.009" /><testcase classname="tests.api.test_app" name="test_string_limits_trim_before_validation" time="0.012" /><testcase classname="tests.api.test_app" name="test_method_not_allowed_uses_stable_error_contract" time="0.009" /><testcase classname="tests.api.test_app" name="test_production_cannot_start_with_mock_llm" time="0.001" /><testcase classname="tests.api.test_chat_sse" name="test_mock_chat_sse_has_ordered_events_and_valid_final" time="0.015" /><testcase classname="tests.api.test_chat_sse" name="test_sse_respects_public_route_and_source_boundary[\u5e73\u53f0\u4f1a\u5458\u548c\u4f01\u4e1a\u670d\u52a1\u6709\u54ea\u4e9b\uff1f-platform-expected_sources0]" time="0.015" /><testcase classname="tests.api.test_chat_sse" name="test_sse_respects_public_route_and_source_boundary[\u81b3\u98df\u7ea4\u7ef4\u6709\u4ec0\u4e48\u8425\u517b\u4f5c\u7528\uff1f-nutrition-expected_sources1]" time="0.015" /><testcase classname="tests.api.test_chat_sse" name="test_mixed_sse_returns_core_and_platform_citations" time="0.016" /><testcase classname="tests.api.test_chat_sse" name="test_out_of_scope_uses_deterministic_guard_without_citations" time="0.014" /><testcase classname="tests.api.test_chat_sse" name="test_real_mode_without_credentials_fails_before_streaming" time="0.013" /><testcase classname="tests.api.test_chat_sse" name="test_provider_timeout_is_distinct_retryable_and_not_persisted" time="0.039" /><testcase classname="tests.api.test_chat_sse" name="test_uncited_provider_output_uses_validated_evidence_fallback" time="0.016" /><testcase classname="tests.api.test_chat_sse" name="test_invalid_deterministic_fallback_still_fails_closed" time="0.016" /><testcase classname="tests.api.test_chat_sse" name="test_pipeline_repairs_invalid_inline_reference_once" time="0.015" /><testcase classname="tests.api.test_chat_sse" name="test_s2_evidence_fallback_keeps_professional_boundary" time="0.015" /><testcase classname="tests.api.test_chat_sse" name="test_deterministic_fallback_isolated_across_concurrent_requests" time="0.008" /><testcase classname="tests.api.test_chat_sse" name="test_system_prompt_freezes_exact_inline_reference_syntax" time="0.000" /><testcase classname="tests.api.test_chat_sse" name="test_repair_prompt_limits_ids_and_includes_error_codes" time="0.000" /><testcase classname="tests.api.test_chat_sse" name="test_safety_and_validation_logs_exclude_raw_health_text" time="0.000" /><testcase classname="tests.api.test_chat_sse" name="test_ephemeral_conversation_store_is_bounded" time="0.001" /><testcase classname="tests.api.test_conversations" name="test_server_owned_session_conversation_and_turn_crud" time="0.020" /><testcase classname="tests.api.test_conversations" name="test_conversation_ownership_is_fail_closed" time="0.013" /><testcase classname="tests.api.test_conversations" name="test_persistent_mode_requires_session_id_on_chat" time="0.014" /><testcase classname="tests.api.test_conversations" name="test_postgres_timeout_is_not_collapsed_into_generic_unavailability[asyncio]" time="0.003" /><testcase classname="tests.api.test_embeddings" name="test_factory_rejects_disabled_or_incomplete_embedding_configuration" time="0.002" /><testcase classname="tests.api.test_embeddings" name="test_embedding_provider_parses_and_orders_vectors" time="0.001" /><testcase classname="tests.api.test_embeddings" name="test_embedding_provider_rejects_invalid_payload[payload0]" time="0.001" /><testcase classname="tests.api.test_embeddings" name="test_embedding_provider_rejects_invalid_payload[payload1]" time="0.001" /><testcase classname="tests.api.test_embeddings" name="test_embedding_provider_rejects_invalid_payload[payload2]" time="0.001" /><testcase classname="tests.api.test_embeddings" name="test_embedding_provider_rejects_invalid_payload[nonfinite]" time="0.001" /><testcase classname="tests.api.test_embeddings" name="test_embedding_provider_normalizes_http_error" time="0.001" /><testcase classname="tests.api.test_evidence" name="test_builder_produces_exact_traceable_excerpts" time="0.004" /><testcase classname="tests.api.test_evidence" name="test_context_blocks_have_hard_evidence_delimiters" time="0.003" /><testcase classname="tests.api.test_evidence" name="test_validator_accepts_real_citation_and_inline_reference" time="0.003" /><testcase classname="tests.api.test_evidence" name="test_validator_rejects_unknown_citation" time="0.000" /><testcase classname="tests.api.test_evidence" name="test_validator_rejects_tampered_citation[page-999-citation_metadata_mismatch]" time="0.003" /><testcase classname="tests.api.test_evidence" name="test_validator_rejects_tampered_citation[section-\u4e0d\u5b58\u5728\u7684\u7ae0\u8282-citation_metadata_mismatch]" time="0.003" /><testcase classname="tests.api.test_evidence" name="test_validator_rejects_tampered_citation[excerpt-\u4e0d\u5b58\u5728\u4e8e\u539f\u6587\u7684\u6458\u5f55-citation_excerpt_mismatch]" time="0.003" /><testcase classname="tests.api.test_evidence" name="test_validator_rejects_platform_citation_for_nutrition" time="0.003" /><testcase classname="tests.api.test_evidence" name="test_validator_rejects_inline_reference_not_returned" time="0.003" /><testcase classname="tests.api.test_evidence" name="test_validator_requires_inline_reference_for_supported_answer" time="0.003" /><testcase classname="tests.api.test_evidence" name="test_validator_rejects_an_uncited_factual_clause" time="0.003" /><testcase classname="tests.api.test_evidence" name="test_validator_rejects_grouped_reference_syntax" time="0.003" /><testcase classname="tests.api.test_evidence" name="test_reference_after_period_does_not_cover_the_next_claim" time="0.003" /><testcase classname="tests.api.test_evidence" name="test_validator_rejects_numeric_claim_missing_from_bound_evidence" time="0.003" /><testcase classname="tests.api.test_evidence" name="test_validator_rejects_claim_without_a_text_anchor_in_bound_evidence" time="0.003" /><testcase classname="tests.api.test_evidence" name="test_out_of_scope_refusal_is_valid_without_evidence" time="0.000" /><testcase classname="tests.api.test_evidence" name="test_duplicate_citations_are_rejected" time="0.003" /><testcase classname="tests.api.test_evidence" name="test_mixed_route_accepts_one_core_and_one_platform_citation" time="0.003" /><testcase classname="tests.api.test_profile" name="test_profile_normalizes_strings_and_deduplicates_tags" time="0.000" /><testcase classname="tests.api.test_profile" name="test_profile_rejects_unknown_medical_flags_and_extra_fields" time="0.000" /><testcase classname="tests.api.test_profile" name="test_profile_rejects_out_of_range_measurements[height_cm-99]" time="0.000" /><testcase classname="tests.api.test_profile" name="test_profile_rejects_out_of_range_measurements[height_cm-231]" time="0.000" /><testcase classname="tests.api.test_profile" name="test_profile_rejects_out_of_range_measurements[weight_kg-24]" time="0.000" /><testcase classname="tests.api.test_profile" name="test_profile_rejects_out_of_range_measurements[weight_kg-301]" time="0.000" /><testcase classname="tests.api.test_profile" name="test_bmi_is_an_explicit_system_estimate_only_when_inputs_are_complete" time="0.000" /><testcase classname="tests.api.test_profile" name="test_profile_assessment_endpoint_is_ephemeral_and_normalized" time="0.010" /><testcase classname="tests.api.test_profile" name="test_chat_rejects_invalid_profile_patch_with_stable_422" time="0.012" /><testcase classname="tests.api.test_providers" name="test_mock_provider_is_unmistakably_disclosed" time="0.001" /><testcase classname="tests.api.test_providers" name="test_factory_builds_mock_only_when_explicit" time="0.001" /><testcase classname="tests.api.test_providers" name="test_factory_rejects_incomplete_real_configuration" time="0.001" /><testcase classname="tests.api.test_providers" name="test_real_provider_parses_openai_compatible_response" time="0.001" /><testcase classname="tests.api.test_providers" name="test_real_provider_forwards_optional_reasoning_effort" time="0.001" /><testcase classname="tests.api.test_providers" name="test_real_provider_marks_429_retryable_without_leaking_body" time="0.001" /><testcase classname="tests.api.test_providers" name="test_real_provider_marks_400_non_retryable" time="0.001" /><testcase classname="tests.api.test_providers" name="test_real_provider_normalizes_timeout" time="0.001" /><testcase classname="tests.api.test_providers" name="test_real_provider_distinguishes_connection_failure" time="0.001" /><testcase classname="tests.api.test_providers" name="test_real_provider_rejects_invalid_success_payload" time="0.001" /><testcase classname="tests.api.test_recommendation" name="test_live_catalog_blocks_every_unreviewed_rule_from_candidate_pool" time="0.001" /><testcase classname="tests.api.test_recommendation" name="test_missing_goal_and_ambiguous_age_fail_closed" time="0.000" /><testcase classname="tests.api.test_recommendation" name="test_medical_or_allergy_constraint_never_receives_personalized_targets" time="0.000" /><testcase classname="tests.api.test_recommendation" name="test_verified_fat_loss_rules_create_one_deterministic_primary_plan" time="0.000" /><testcase classname="tests.api.test_recommendation" name="test_verified_muscle_and_glucose_rules_create_goal_specific_targets" time="0.000" /><testcase classname="tests.api.test_recommendation" name="test_unknown_glyph_or_missing_second_review_is_ineligible" time="0.000" /><testcase classname="tests.api.test_recommendation" name="test_recommendation_endpoint_reports_live_review_gate_without_fabrication" time="0.010" /><testcase classname="tests.api.test_retrieval" name="test_loads_only_unambiguous_chunks_with_expected_source_counts" time="0.001" /><testcase classname="tests.api.test_retrieval" name="test_router_is_deterministic_and_exposes_source_policy[\u81b3\u98df\u7ea4\u7ef4\u6709\u4ec0\u4e48\u8425\u517b\u4f5c\u7528\uff1f-nutrition-expected_sources0]" time="0.000" /><testcase classname="tests.api.test_retrieval" name="test_router_is_deterministic_and_exposes_source_policy[\u5e2e\u6211\u642d\u914d\u4e00\u4efd\u589e\u808c\u65e9\u9910\u98df\u8c31-recommendation-expected_sources1]" time="0.000" /><testcase classname="tests.api.test_retrieval" name="test_router_is_deterministic_and_exposes_source_policy[\u80be\u75c5\u4eba\u7fa4\u6709\u54ea\u4e9b\u996e\u98df\u7981\u5fcc\uff1f-contraindication-expected_sources2]" time="0.000" /><testcase classname="tests.api.test_retrieval" name="test_router_is_deterministic_and_exposes_source_policy[\u5e73\u53f0\u4f1a\u5458\u548c\u4f01\u4e1a\u670d\u52a1\u6709\u54ea\u4e9b\uff1f-platform-expected_sources3]" time="0.000" /><testcase classname="tests.api.test_retrieval" name="test_router_is_deterministic_and_exposes_source_policy[\u5e73\u53f0\u4f1a\u5458\u80fd\u5426\u83b7\u5f97\u4f4e\u94a0\u996e\u98df\u5efa\u8bae\uff1f-mixed-expected_sources4]" time="0.000" /><testcase classname="tests.api.test_retrieval" name="test_router_is_deterministic_and_exposes_source_policy[\u5982\u4f55\u4fee\u590d\u6c7d\u8f66\u53d1\u52a8\u673a\uff1f-out_of_scope-expected_sources5]" time="0.000" /><testcase classname="tests.api.test_retrieval" name="test_nutrition_retrieval_never_returns_platform_source" time="0.004" /><testcase classname="tests.api.test_retrieval" name="test_platform_retrieval_is_c_only" time="0.001" /><testcase classname="tests.api.test_retrieval" name="test_mixed_route_reserves_core_and_platform_evidence" time="0.001" /><testcase classname="tests.api.test_retrieval" name="test_out_of_scope_route_returns_no_evidence" time="0.000" /><testcase classname="tests.api.test_retrieval" name="test_keyword_ranking_is_stable_and_auditable" time="0.001" /><testcase classname="tests.api.test_retrieval" name="test_loader_rejects_c_chunk_that_claims_nutrition_route" time="0.006" /><testcase classname="tests.api.test_retrieval" name="test_loader_excludes_unknown_glyph_chunk" time="0.009" /><testcase classname="tests.api.test_safety" name="test_emergency_signals_are_s3_and_stop_generation[\u6211\u73b0\u5728\u80f8\u75db\u800c\u4e14\u80f8\u53e3\u50cf\u88ab\u538b\u4f4f\u3002]" time="0.000" /><testcase classname="tests.api.test_safety" name="test_emergency_signals_are_s3_and_stop_generation[\u6211\u547c\u5438\u56f0\u96be\uff0c\u8bf4\u4e0d\u51fa\u5b8c\u6574\u7684\u8bdd\u3002]" time="0.000" /><testcase classname="tests.api.test_safety" name="test_emergency_signals_are_s3_and_stop_generation[\u5bb6\u4eba\u4f4e\u8840\u7cd6\u62bd\u6410\u5e76\u5931\u53bb\u610f\u8bc6\u3002]" time="0.000" /><testcase classname="tests.api.test_safety" name="test_emergency_signals_are_s3_and_stop_generation[\u5403\u867e\u540e\u4e25\u91cd\u8fc7\u654f\uff0c\u5589\u5499\u80bf\u4e86\u3002]" time="0.000" /><testcase classname="tests.api.test_safety" name="test_medication_adjustment_is_refused_before_generation" time="0.000" /><testcase classname="tests.api.test_safety" name="test_s2_profile_allows_only_general_guidance" time="0.000" /><testcase classname="tests.api.test_safety" name="test_high_risk_precise_prescription_is_refused" time="0.000" /><testcase classname="tests.api.test_safety" name="test_allergy_and_condition_create_s1_hard_filter_tags" time="0.000" /><testcase classname="tests.api.test_safety" name="test_message_only_allergy_creates_a_hard_filter_tag" time="0.000" /><testcase classname="tests.api.test_safety" name="test_candidate_filter_rejects_before_any_model_prompt" time="0.000" /><testcase classname="tests.api.test_safety" name="test_standard_query_remains_s0" time="0.000" /><testcase classname="tests.api.test_safety" name="test_required_notice_is_appended_deterministically" time="0.000" /><testcase classname="tests.api.test_safety" name="test_output_validator_rejects_high_risk_generated_claims[\u5efa\u8bae\u4f60\u8c03\u6574\u5242\u91cf\u3002-forbidden_medication_directive]" time="0.000" /><testcase classname="tests.api.test_safety" name="test_output_validator_rejects_high_risk_generated_claims[\u4f60\u5df2\u7ecf\u786e\u8bca\u4e3a\u7cd6\u5c3f\u75c5\u3002-forbidden_diagnosis]" time="0.000" /><testcase classname="tests.api.test_safety" name="test_output_validator_rejects_high_risk_generated_claims[\u8fd9\u4e2a\u65b9\u6848\u4fdd\u8bc1\u6709\u6548\u5e76\u80fd\u6839\u6cbb\u75be\u75c5\u3002-forbidden_absolute_treatment_claim]" time="0.000" /><testcase classname="tests.api.test_safety" name="test_api_stops_high_risk_requests_before_provider[\u6211\u80f8\u75db\u800c\u4e14\u547c\u5438\u56f0\u96be\u3002-S3-emergency_stop]" time="0.014" /><testcase classname="tests.api.test_safety" name="test_api_stops_high_risk_requests_before_provider[\u8bf7\u544a\u8bc9\u6211\u600e\u4e48\u505c\u836f\u5e76\u8c03\u6574\u5242\u91cf\u3002-S2-refuse]" time="0.014" /><testcase classname="tests.api.test_safety" name="test_api_marks_profile_constrained_general_answer_as_s2" time="0.014" /><testcase classname="tests.api.test_safety" name="test_pipeline_repairs_a_precise_s2_target_once_and_adds_notice" time="0.015" /><testcase classname="tests.api.test_safety" name="test_emergency_stop_clears_history_and_does_not_pollute_next_turn[asyncio]" time="0.005" /><testcase classname="tests.api.test_safety" name="test_deterministic_refusal_is_not_committed_to_generation_history[asyncio]" time="0.004" /><testcase classname="tests.api.test_safety_golden" name="test_golden_set_meets_every_phase04_hard_threshold" time="0.001" /><testcase classname="tests.api.test_safety_golden" name="test_every_golden_case_crosses_the_public_chat_api[ALG-EGG-01]" time="0.015" /><testcase classname="tests.api.test_safety_golden" name="test_every_golden_case_crosses_the_public_chat_api[ALG-EGG-02]" time="0.014" /><testcase classname="tests.api.test_safety_golden" name="test_every_golden_case_crosses_the_public_chat_api[ALG-MILK-01]" time="0.015" /><testcase classname="tests.api.test_safety_golden" name="test_every_golden_case_crosses_the_public_chat_api[ALG-MILK-02]" time="0.014" /><testcase classname="tests.api.test_safety_golden" name="test_every_golden_case_crosses_the_public_chat_api[ALG-PEANUT-01]" time="0.015" /><testcase classname="tests.api.test_safety_golden" name="test_every_golden_case_crosses_the_public_chat_api[ALG-PEANUT-02]" time="0.017" /><testcase classname="tests.api.test_safety_golden" name="test_every_golden_case_crosses_the_public_chat_api[ALG-TREENUT-01]" time="0.015" /><testcase classname="tests.api.test_safety_golden" name="test_every_golden_case_crosses_the_public_chat_api[ALG-TREENUT-02]" time="0.015" /><testcase classname="tests.api.test_safety_golden" name="test_every_golden_case_crosses_the_public_chat_api[ALG-FISH-01]" time="0.015" /><testcase classname="tests.api.test_safety_golden" name="test_every_golden_case_crosses_the_public_chat_api[ALG-FISH-02]" time="0.014" /><testcase classname="tests.api.test_safety_golden" name="test_every_golden_case_crosses_the_public_chat_api[ALG-SHELL-01]" time="0.015" /><testcase classname="tests.api.test_safety_golden" name="test_every_golden_case_crosses_the_public_chat_api[ALG-SHELL-02]" time="0.015" /><testcase classname="tests.api.test_safety_golden" name="test_every_golden_case_crosses_the_public_chat_api[POP-DIAB-01]" time="0.015" /><testcase classname="tests.api.test_safety_golden" name="test_every_golden_case_crosses_the_public_chat_api[POP-DIAB-02]" time="0.014" /><testcase classname="tests.api.test_safety_golden" name="test_every_golden_case_crosses_the_public_chat_api[POP-KIDNEY-01]" time="0.015" /><testcase classname="tests.api.test_safety_golden" name="test_every_golden_case_crosses_the_public_chat_api[POP-KIDNEY-02]" time="0.015" /><testcase classname="tests.api.test_safety_golden" name="test_every_golden_case_crosses_the_public_chat_api[POP-GOUT-01]" time="0.015" /><testcase classname="tests.api.test_safety_golden" name="test_every_golden_case_crosses_the_public_chat_api[POP-GOUT-02]" time="0.018" /><testcase classname="tests.api.test_safety_golden" name="test_every_golden_case_crosses_the_public_chat_api[POP-HYP-01]" time="0.063" /><testcase classname="tests.api.test_safety_golden" name="test_every_golden_case_crosses_the_public_chat_api[POP-HYP-02]" time="0.015" /><testcase classname="tests.api.test_safety_golden" name="test_every_golden_case_crosses_the_public_chat_api[POP-PREG-01]" time="0.015" /><testcase classname="tests.api.test_safety_golden" name="test_every_golden_case_crosses_the_public_chat_api[POP-PREG-02]" time="0.014" /><testcase classname="tests.api.test_safety_golden" name="test_every_golden_case_crosses_the_public_chat_api[POP-BREAST-01]" time="0.014" /><testcase classname="tests.api.test_safety_golden" name="test_every_golden_case_crosses_the_public_chat_api[POP-BREAST-02]" time="0.014" /><testcase classname="tests.api.test_safety_golden" name="test_every_golden_case_crosses_the_public_chat_api[EXT-01]" time="0.014" /><testcase classname="tests.api.test_safety_golden" name="test_every_golden_case_crosses_the_public_chat_api[EXT-02]" time="0.014" /><testcase classname="tests.api.test_safety_golden" name="test_every_golden_case_crosses_the_public_chat_api[EXT-03]" time="0.014" /><testcase classname="tests.api.test_safety_golden" name="test_every_golden_case_crosses_the_public_chat_api[EXT-04]" time="0.015" /><testcase classname="tests.api.test_safety_golden" name="test_every_golden_case_crosses_the_public_chat_api[MED-01]" time="0.014" /><testcase classname="tests.api.test_safety_golden" name="test_every_golden_case_crosses_the_public_chat_api[MED-02]" time="0.017" /><testcase classname="tests.api.test_safety_golden" name="test_every_golden_case_crosses_the_public_chat_api[MED-03]" time="0.014" /><testcase classname="tests.api.test_safety_golden" name="test_every_golden_case_crosses_the_public_chat_api[MED-04]" time="0.013" /><testcase classname="tests.api.test_safety_golden" name="test_every_golden_case_crosses_the_public_chat_api[EMG-01]" time="0.014" /><testcase classname="tests.api.test_safety_golden" name="test_every_golden_case_crosses_the_public_chat_api[EMG-02]" time="0.014" /><testcase classname="tests.api.test_safety_golden" name="test_every_golden_case_crosses_the_public_chat_api[EMG-03]" time="0.014" /><testcase classname="tests.api.test_safety_golden" name="test_every_golden_case_crosses_the_public_chat_api[EMG-04]" time="0.014" /><testcase classname="tests.api.test_safety_golden" name="test_every_golden_case_crosses_the_public_chat_api[INJ-01]" time="0.015" /><testcase classname="tests.api.test_safety_golden" name="test_every_golden_case_crosses_the_public_chat_api[INJ-02]" time="0.015" /><testcase classname="tests.api.test_safety_golden" name="test_every_golden_case_crosses_the_public_chat_api[INJ-03]" time="0.015" /><testcase classname="tests.api.test_safety_golden" name="test_every_golden_case_crosses_the_public_chat_api[INJ-04]" time="0.015" /><testcase classname="tests.api.test_safety_golden" name="test_every_golden_case_crosses_the_public_chat_api[INJ-05]" time="0.016" /><testcase classname="tests.api.test_safety_golden" name="test_every_golden_case_crosses_the_public_chat_api[INJ-06]" time="0.019" /><testcase classname="tests.api.test_safety_golden" name="test_every_golden_case_crosses_the_public_chat_api[INJ-07]" time="0.014" /><testcase classname="tests.api.test_safety_golden" name="test_every_golden_case_crosses_the_public_chat_api[INJ-08]" time="0.015" /><testcase classname="tests.api.test_safety_golden" name="test_every_golden_case_crosses_the_public_chat_api[CTL-NUT-01]" time="0.015" /><testcase classname="tests.api.test_safety_golden" name="test_every_golden_case_crosses_the_public_chat_api[CTL-NUT-02]" time="0.014" /><testcase classname="tests.api.test_safety_golden" name="test_every_golden_case_crosses_the_public_chat_api[CTL-PLAT-01]" time="0.015" /><testcase classname="tests.api.test_safety_golden" name="test_every_golden_case_crosses_the_public_chat_api[CTL-PLAT-02]" time="0.014" /><testcase classname="tests.api.test_safety_golden" name="test_every_golden_case_crosses_the_public_chat_api[CTL-MIX-01]" time="0.015" /><testcase classname="tests.api.test_safety_golden" name="test_every_golden_case_crosses_the_public_chat_api[CTL-MIX-02]" time="0.015" /><testcase classname="tests.test_control_plane" name="test_control_plane_is_structurally_valid" time="0.120" /><testcase classname="tests.test_control_plane" name="test_completed_tasks_have_individual_records" time="0.119" /><testcase classname="tests.test_control_plane" name="test_final_gate_stays_closed_while_work_remains" time="0.117" /><testcase classname="tests.test_control_plane" name="test_non_release_environment_issue_does_not_fake_or_block_release" time="0.116" /><testcase classname="tests.test_control_plane" name="test_generated_board_lists_every_task_and_final_gate" time="0.117" /><testcase classname="tests.test_knowledge_artifacts" name="test_source_files_match_manifest_hashes" time="0.004" /><testcase classname="tests.test_knowledge_artifacts" name="test_page_counts_and_ids" time="0.001" /><testcase classname="tests.test_knowledge_artifacts" name="test_chunks_are_unique_and_page_bounded" time="0.002" /><testcase classname="tests.test_knowledge_artifacts" name="test_platform_chunks_are_hard_isolated" time="0.001" /><testcase classname="tests.test_knowledge_artifacts" name="test_nutrition_facts_never_use_source_c" time="0.001" /><testcase classname="tests.test_knowledge_artifacts" name="test_platform_facts_are_platform_only" time="0.000" /><testcase classname="tests.test_knowledge_artifacts" name="test_unknown_glyph_rules_cannot_be_verified" time="0.001" /><testcase classname="tests.test_knowledge_artifacts" name="test_review_evidence_images_exist" time="0.001" /><testcase classname="tests.test_knowledge_artifacts" name="test_verified_record_requires_second_person_review" time="0.000" /><testcase classname="tests.test_knowledge_artifacts" name="test_completed_second_person_review_closes_review_gate" time="0.000" /><testcase classname="tests.test_knowledge_artifacts" name="test_migration_defers_vector_dimensions" time="0.000" /><testcase classname="tests.test_smoke_local_stack" name="test_parse_sse_preserves_event_order_and_multiline_data" time="0.000" /><testcase classname="tests.test_smoke_local_stack" name="test_parse_sse_rejects_incomplete_blocks[]" time="0.000" /><testcase classname="tests.test_smoke_local_stack" name="test_parse_sse_rejects_incomplete_blocks[event: final]" time="0.000" /><testcase classname="tests.test_smoke_local_stack" name="test_parse_sse_rejects_incomplete_blocks[data: {&quot;answer&quot;:&quot;ok&quot;}]" time="0.000" /></testsuite></testsuites>