<?xml version="1.0" encoding="utf-8"?><testsuites name="pytest tests"><testsuite name="pytest" errors="0" failures="0" skipped="0" tests="11" time="0.047" timestamp="2026-08-21T17:23:55.692782+08:00" hostname="Eric"><testcase classname="tests.test_knowledge_artifacts" name="test_source_files_match_manifest_hashes" time="0.004" /><testcase classname="tests.test_knowledge_artifacts" name="test_page_counts_and_ids" time="0.002" /><testcase classname="tests.test_knowledge_artifacts" name="test_chunks_are_unique_and_page_bounded" time="0.002" /><testcase classname="tests.test_knowledge_artifacts" name="test_platform_chunks_are_hard_isolated" time="0.001" /><testcase classname="tests.test_knowledge_artifacts" name="test_nutrition_facts_never_use_source_c" time="0.001" /><testcase classname="tests.test_knowledge_artifacts" name="test_platform_facts_are_platform_only" time="0.000" /><testcase classname="tests.test_knowledge_artifacts" name="test_unknown_glyph_rules_cannot_be_verified" time="0.000" /><testcase classname="tests.test_knowledge_artifacts" name="test_review_evidence_images_exist" time="0.001" /><testcase classname="tests.test_knowledge_artifacts" name="test_verified_record_requires_second_person_review" time="0.000" /><testcase classname="tests.test_knowledge_artifacts" name="test_completed_second_person_review_closes_review_gate" time="0.000" /><testcase classname="tests.test_knowledge_artifacts" name="test_migration_defers_vector_dimensions" time="0.000" /></testsuite></testsuites>