<?xml version="1.0" encoding="utf-8"?><testsuites name="pytest tests"><testsuite name="pytest" errors="0" failures="0" skipped="0" tests="50" time="0.501" timestamp="2026-08-21T19:41:50.984544+08:00" hostname="Eric"><testcase classname="tests.api.test_app" name="test_health_is_live_without_external_dependencies" time="0.009" /><testcase classname="tests.api.test_app" name="test_request_id_is_stable_and_exposed" time="0.005" /><testcase classname="tests.api.test_app" name="test_invalid_request_id_is_replaced" time="0.004" /><testcase classname="tests.api.test_app" name="test_cors_allows_only_configured_web_origin" time="0.006" /><testcase classname="tests.api.test_app" name="test_openapi_contains_health_chat_and_shared_contracts" time="0.018" /><testcase classname="tests.api.test_app" name="test_chat_mock_sse_is_explicitly_disclosed" time="0.010" /><testcase classname="tests.api.test_app" name="test_validation_and_404_use_stable_error_contract" time="0.007" /><testcase classname="tests.api.test_app" name="test_production_cannot_start_with_mock_llm" time="0.001" /><testcase classname="tests.api.test_chat_sse" name="test_mock_chat_sse_has_ordered_events_and_valid_final" time="0.011" /><testcase classname="tests.api.test_chat_sse" name="test_sse_respects_public_route_and_source_boundary[\u5e73\u53f0\u4f1a\u5458\u548c\u4f01\u4e1a\u670d\u52a1\u6709\u54ea\u4e9b\uff1f-platform-expected_sources0]" time="0.011" /><testcase classname="tests.api.test_chat_sse" name="test_sse_respects_public_route_and_source_boundary[\u81b3\u98df\u7ea4\u7ef4\u6709\u4ec0\u4e48\u8425\u517b\u4f5c\u7528\uff1f-nutrition-expected_sources1]" time="0.011" /><testcase classname="tests.api.test_chat_sse" name="test_mixed_sse_returns_core_and_platform_citations" time="0.011" /><testcase classname="tests.api.test_chat_sse" name="test_out_of_scope_uses_deterministic_guard_without_citations" time="0.010" /><testcase classname="tests.api.test_chat_sse" name="test_real_mode_without_credentials_fails_before_streaming" time="0.005" /><testcase classname="tests.api.test_chat_sse" name="test_uncited_provider_output_fails_closed_before_sse" time="0.011" /><testcase classname="tests.api.test_chat_sse" name="test_ephemeral_conversation_store_is_bounded" time="0.001" /><testcase classname="tests.api.test_evidence" name="test_builder_produces_exact_traceable_excerpts" time="0.005" /><testcase classname="tests.api.test_evidence" name="test_context_blocks_have_hard_evidence_delimiters" time="0.004" /><testcase classname="tests.api.test_evidence" name="test_validator_accepts_real_citation_and_inline_reference" time="0.004" /><testcase classname="tests.api.test_evidence" name="test_validator_rejects_unknown_citation" time="0.000" /><testcase classname="tests.api.test_evidence" name="test_validator_rejects_tampered_citation[page-999-citation_metadata_mismatch]" time="0.004" /><testcase classname="tests.api.test_evidence" name="test_validator_rejects_tampered_citation[section-\u4e0d\u5b58\u5728\u7684\u7ae0\u8282-citation_metadata_mismatch]" time="0.004" /><testcase classname="tests.api.test_evidence" name="test_validator_rejects_tampered_citation[excerpt-\u4e0d\u5b58\u5728\u4e8e\u539f\u6587\u7684\u6458\u5f55-citation_excerpt_mismatch]" time="0.004" /><testcase classname="tests.api.test_evidence" name="test_validator_rejects_platform_citation_for_nutrition" time="0.003" /><testcase classname="tests.api.test_evidence" name="test_validator_rejects_inline_reference_not_returned" time="0.004" /><testcase classname="tests.api.test_evidence" name="test_validator_requires_inline_reference_for_supported_answer" time="0.004" /><testcase classname="tests.api.test_evidence" name="test_out_of_scope_refusal_is_valid_without_evidence" time="0.000" /><testcase classname="tests.api.test_evidence" name="test_duplicate_citations_are_rejected" time="0.004" /><testcase classname="tests.api.test_evidence" name="test_mixed_route_accepts_one_core_and_one_platform_citation" time="0.004" /><testcase classname="tests.api.test_providers" name="test_mock_provider_is_unmistakably_disclosed" time="0.001" /><testcase classname="tests.api.test_providers" name="test_factory_builds_mock_only_when_explicit" time="0.001" /><testcase classname="tests.api.test_providers" name="test_factory_rejects_incomplete_real_configuration" time="0.001" /><testcase classname="tests.api.test_providers" name="test_real_provider_parses_openai_compatible_response" time="0.001" /><testcase classname="tests.api.test_providers" name="test_real_provider_marks_429_retryable_without_leaking_body" time="0.001" /><testcase classname="tests.api.test_providers" name="test_real_provider_marks_400_non_retryable" time="0.001" /><testcase classname="tests.api.test_providers" name="test_real_provider_normalizes_timeout" time="0.001" /><testcase classname="tests.api.test_providers" name="test_real_provider_rejects_invalid_success_payload" time="0.001" /><testcase classname="tests.api.test_retrieval" name="test_loads_all_normalized_chunks_with_expected_source_counts" time="0.001" /><testcase classname="tests.api.test_retrieval" name="test_router_is_deterministic_and_exposes_source_policy[\u81b3\u98df\u7ea4\u7ef4\u6709\u4ec0\u4e48\u8425\u517b\u4f5c\u7528\uff1f-nutrition-expected_sources0]" time="0.000" /><testcase classname="tests.api.test_retrieval" name="test_router_is_deterministic_and_exposes_source_policy[\u5e2e\u6211\u642d\u914d\u4e00\u4efd\u589e\u808c\u65e9\u9910\u98df\u8c31-recommendation-expected_sources1]" time="0.000" /><testcase classname="tests.api.test_retrieval" name="test_router_is_deterministic_and_exposes_source_policy[\u80be\u75c5\u4eba\u7fa4\u6709\u54ea\u4e9b\u996e\u98df\u7981\u5fcc\uff1f-contraindication-expected_sources2]" time="0.000" /><testcase classname="tests.api.test_retrieval" name="test_router_is_deterministic_and_exposes_source_policy[\u5e73\u53f0\u4f1a\u5458\u548c\u4f01\u4e1a\u670d\u52a1\u6709\u54ea\u4e9b\uff1f-platform-expected_sources3]" time="0.000" /><testcase classname="tests.api.test_retrieval" name="test_router_is_deterministic_and_exposes_source_policy[\u5e73\u53f0\u4f1a\u5458\u80fd\u5426\u83b7\u5f97\u4f4e\u94a0\u996e\u98df\u5efa\u8bae\uff1f-mixed-expected_sources4]" time="0.000" /><testcase classname="tests.api.test_retrieval" name="test_router_is_deterministic_and_exposes_source_policy[\u5982\u4f55\u4fee\u590d\u6c7d\u8f66\u53d1\u52a8\u673a\uff1f-out_of_scope-expected_sources5]" time="0.000" /><testcase classname="tests.api.test_retrieval" name="test_nutrition_retrieval_never_returns_platform_source" time="0.004" /><testcase classname="tests.api.test_retrieval" name="test_platform_retrieval_is_c_only" time="0.000" /><testcase classname="tests.api.test_retrieval" name="test_mixed_route_reserves_core_and_platform_evidence" time="0.001" /><testcase classname="tests.api.test_retrieval" name="test_out_of_scope_route_returns_no_evidence" time="0.000" /><testcase classname="tests.api.test_retrieval" name="test_keyword_ranking_is_stable_and_auditable" time="0.001" /><testcase classname="tests.api.test_retrieval" name="test_loader_rejects_c_chunk_that_claims_nutrition_route" time="0.007" /></testsuite></testsuites>