<?xml version="1.0" encoding="utf-8"?><testsuites name="pytest tests"><testsuite name="pytest" errors="0" failures="0" skipped="0" tests="2" time="0.109" timestamp="2026-08-22T12:15:55.783159+08:00" hostname="Eric"><testcase classname="tests.test_release_golden_dataset" name="test_release_golden_set_has_exact_frozen_coverage_and_valid_evidence" time="0.002" /><testcase classname="tests.test_release_golden_dataset" name="test_release_dataset_manifest_hashes_and_thresholds_are_frozen" time="0.006" /></testsuite></testsuites>