<?xml version="1.0" encoding="utf-8"?><testsuites name="pytest tests"><testsuite name="pytest" errors="0" failures="0" skipped="0" tests="9" time="0.835" timestamp="2026-08-22T11:18:22.624602+08:00" hostname="Eric"><testcase classname="tests.api.test_conversations" name="test_server_owned_session_conversation_and_turn_crud" time="0.029" /><testcase classname="tests.api.test_conversations" name="test_conversation_ownership_is_fail_closed" time="0.017" /><testcase classname="tests.api.test_conversations" name="test_persistent_mode_requires_session_id_on_chat" time="0.018" /><testcase classname="tests.api.test_conversations" name="test_postgres_timeout_is_not_collapsed_into_generic_unavailability[asyncio]" time="0.003" /><testcase classname="tests.api.test_auth" name="test_registration_claims_anonymous_history_and_requires_bearer_afterward" time="0.059" /><testcase classname="tests.api.test_auth" name="test_login_returns_canonical_claimed_session_and_rejects_wrong_password" time="0.136" /><testcase classname="tests.api.test_auth" name="test_claim_conflicts_and_cross_account_access_are_fail_closed" time="0.144" /><testcase classname="tests.api.test_auth" name="test_logout_revokes_only_the_presented_token" time="0.063" /><testcase classname="tests.api.test_auth" name="test_auth_validation_and_cors_authorization_header" time="0.013" /></testsuite></testsuites>