<?xml version="1.0" encoding="utf-8"?><testsuites name="pytest tests"><testsuite name="pytest" errors="0" failures="0" skipped="0" tests="28" time="0.426" timestamp="2026-08-21T21:22:30.642203+08:00" hostname="Eric"><testcase classname="tests.api.test_profile" name="test_profile_normalizes_strings_and_deduplicates_tags" time="0.001" /><testcase classname="tests.api.test_profile" name="test_profile_rejects_unknown_medical_flags_and_extra_fields" time="0.000" /><testcase classname="tests.api.test_profile" name="test_profile_rejects_out_of_range_measurements[height_cm-99]" time="0.000" /><testcase classname="tests.api.test_profile" name="test_profile_rejects_out_of_range_measurements[height_cm-231]" time="0.000" /><testcase classname="tests.api.test_profile" name="test_profile_rejects_out_of_range_measurements[weight_kg-24]" time="0.000" /><testcase classname="tests.api.test_profile" name="test_profile_rejects_out_of_range_measurements[weight_kg-301]" time="0.000" /><testcase classname="tests.api.test_profile" name="test_bmi_is_an_explicit_system_estimate_only_when_inputs_are_complete" time="0.001" /><testcase classname="tests.api.test_profile" name="test_profile_assessment_endpoint_is_ephemeral_and_normalized" time="0.007" /><testcase classname="tests.api.test_profile" name="test_chat_rejects_invalid_profile_patch_with_stable_422" time="0.007" /><testcase classname="tests.api.test_app" name="test_health_is_live_without_external_dependencies" time="0.005" /><testcase classname="tests.api.test_app" name="test_request_id_is_stable_and_exposed" time="0.005" /><testcase classname="tests.api.test_app" name="test_invalid_request_id_is_replaced" time="0.005" /><testcase classname="tests.api.test_app" name="test_cors_allows_only_configured_web_origin" time="0.006" /><testcase classname="tests.api.test_app" name="test_openapi_contains_health_chat_and_shared_contracts" time="0.027" /><testcase classname="tests.api.test_app" name="test_chat_mock_sse_is_explicitly_disclosed" time="0.010" /><testcase classname="tests.api.test_app" name="test_validation_and_404_use_stable_error_contract" time="0.007" /><testcase classname="tests.api.test_app" name="test_production_cannot_start_with_mock_llm" time="0.001" /><testcase classname="tests.api.test_chat_sse" name="test_mock_chat_sse_has_ordered_events_and_valid_final" time="0.010" /><testcase classname="tests.api.test_chat_sse" name="test_sse_respects_public_route_and_source_boundary[\u5e73\u53f0\u4f1a\u5458\u548c\u4f01\u4e1a\u670d\u52a1\u6709\u54ea\u4e9b\uff1f-platform-expected_sources0]" time="0.011" /><testcase classname="tests.api.test_chat_sse" name="test_sse_respects_public_route_and_source_boundary[\u81b3\u98df\u7ea4\u7ef4\u6709\u4ec0\u4e48\u8425\u517b\u4f5c\u7528\uff1f-nutrition-expected_sources1]" time="0.010" /><testcase classname="tests.api.test_chat_sse" name="test_mixed_sse_returns_core_and_platform_citations" time="0.011" /><testcase classname="tests.api.test_chat_sse" name="test_out_of_scope_uses_deterministic_guard_without_citations" time="0.010" /><testcase classname="tests.api.test_chat_sse" name="test_real_mode_without_credentials_fails_before_streaming" time="0.006" /><testcase classname="tests.api.test_chat_sse" name="test_uncited_provider_output_fails_closed_before_sse" time="0.011" /><testcase classname="tests.api.test_chat_sse" name="test_pipeline_repairs_invalid_inline_reference_once" time="0.011" /><testcase classname="tests.api.test_chat_sse" name="test_system_prompt_freezes_exact_inline_reference_syntax" time="0.000" /><testcase classname="tests.api.test_chat_sse" name="test_repair_prompt_limits_ids_and_includes_error_codes" time="0.000" /><testcase classname="tests.api.test_chat_sse" name="test_ephemeral_conversation_store_is_bounded" time="0.001" /></testsuite></testsuites>