<?xml version="1.0" encoding="utf-8"?><testsuites name="pytest tests"><testsuite name="pytest" errors="0" failures="0" skipped="0" tests="14" time="0.283" timestamp="2026-08-21T21:33:39.541634+08:00" hostname="Eric"><testcase classname="tests.api.test_safety" name="test_emergency_signals_are_s3_and_stop_generation[\u6211\u73b0\u5728\u80f8\u75db\u800c\u4e14\u80f8\u53e3\u50cf\u88ab\u538b\u4f4f\u3002]" time="0.000" /><testcase classname="tests.api.test_safety" name="test_emergency_signals_are_s3_and_stop_generation[\u6211\u547c\u5438\u56f0\u96be\uff0c\u8bf4\u4e0d\u51fa\u5b8c\u6574\u7684\u8bdd\u3002]" time="0.000" /><testcase classname="tests.api.test_safety" name="test_emergency_signals_are_s3_and_stop_generation[\u5bb6\u4eba\u4f4e\u8840\u7cd6\u62bd\u6410\u5e76\u5931\u53bb\u610f\u8bc6\u3002]" time="0.000" /><testcase classname="tests.api.test_safety" name="test_emergency_signals_are_s3_and_stop_generation[\u5403\u867e\u540e\u4e25\u91cd\u8fc7\u654f\uff0c\u5589\u5499\u80bf\u4e86\u3002]" time="0.000" /><testcase classname="tests.api.test_safety" name="test_medication_adjustment_is_refused_before_generation" time="0.000" /><testcase classname="tests.api.test_safety" name="test_s2_profile_allows_only_general_guidance" time="0.000" /><testcase classname="tests.api.test_safety" name="test_high_risk_precise_prescription_is_refused" time="0.000" /><testcase classname="tests.api.test_safety" name="test_allergy_and_condition_create_s1_hard_filter_tags" time="0.000" /><testcase classname="tests.api.test_safety" name="test_message_only_allergy_creates_a_hard_filter_tag" time="0.000" /><testcase classname="tests.api.test_safety" name="test_candidate_filter_rejects_before_any_model_prompt" time="0.000" /><testcase classname="tests.api.test_safety" name="test_standard_query_remains_s0" time="0.000" /><testcase classname="tests.api.test_safety" name="test_api_stops_high_risk_requests_before_provider[\u6211\u80f8\u75db\u800c\u4e14\u547c\u5438\u56f0\u96be\u3002-S3-emergency_stop]" time="0.011" /><testcase classname="tests.api.test_safety" name="test_api_stops_high_risk_requests_before_provider[\u8bf7\u544a\u8bc9\u6211\u600e\u4e48\u505c\u836f\u5e76\u8c03\u6574\u5242\u91cf\u3002-S2-refuse]" time="0.010" /><testcase classname="tests.api.test_safety" name="test_api_marks_profile_constrained_general_answer_as_s2" time="0.010" /></testsuite></testsuites>