<?xml version="1.0" encoding="utf-8"?><testsuites name="pytest tests"><testsuite name="pytest" errors="0" failures="0" skipped="0" tests="22" time="0.621" timestamp="2026-08-22T13:13:32.325228+08:00" hostname="Eric"><testcase classname="tests.api.test_chat_sse" name="test_mock_chat_sse_has_ordered_events_and_valid_final" time="0.019" /><testcase classname="tests.api.test_chat_sse" name="test_sse_respects_public_route_and_source_boundary[\u5e73\u53f0\u4f1a\u5458\u548c\u4f01\u4e1a\u670d\u52a1\u6709\u54ea\u4e9b\uff1f-platform-expected_sources0]" time="0.018" /><testcase classname="tests.api.test_chat_sse" name="test_sse_respects_public_route_and_source_boundary[\u81b3\u98df\u7ea4\u7ef4\u6709\u4ec0\u4e48\u8425\u517b\u4f5c\u7528\uff1f-nutrition-expected_sources1]" time="0.018" /><testcase classname="tests.api.test_chat_sse" name="test_mixed_sse_returns_core_and_platform_citations" time="0.018" /><testcase classname="tests.api.test_chat_sse" name="test_out_of_scope_uses_deterministic_guard_without_citations" time="0.017" /><testcase classname="tests.api.test_chat_sse" name="test_real_mode_without_credentials_fails_before_streaming" time="0.013" /><testcase classname="tests.api.test_chat_sse" name="test_provider_timeout_is_distinct_retryable_and_not_persisted" time="0.036" /><testcase classname="tests.api.test_chat_sse" name="test_uncited_provider_output_uses_validated_evidence_fallback" time="0.022" /><testcase classname="tests.api.test_chat_sse" name="test_evidence_fallback_selects_the_query_relevant_numeric_clause" time="0.019" /><testcase classname="tests.api.test_chat_sse" name="test_invalid_deterministic_fallback_still_fails_closed" time="0.017" /><testcase classname="tests.api.test_chat_sse" name="test_pipeline_repairs_invalid_inline_reference_once" time="0.019" /><testcase classname="tests.api.test_chat_sse" name="test_pipeline_rejects_secondary_only_citation_and_uses_primary_evidence" time="0.019" /><testcase classname="tests.api.test_chat_sse" name="test_blocked_food_safety_can_select_safe_non_primary_evidence" time="0.018" /><testcase classname="tests.api.test_chat_sse" name="test_s2_evidence_fallback_keeps_professional_boundary" time="0.019" /><testcase classname="tests.api.test_chat_sse" name="test_deterministic_fallback_isolated_across_concurrent_requests" time="0.008" /><testcase classname="tests.api.test_chat_sse" name="test_system_prompt_freezes_exact_inline_reference_syntax" time="0.000" /><testcase classname="tests.api.test_chat_sse" name="test_repair_prompt_limits_ids_and_includes_error_codes" time="0.000" /><testcase classname="tests.api.test_chat_sse" name="test_safety_and_validation_logs_exclude_raw_health_text" time="0.000" /><testcase classname="tests.api.test_chat_sse" name="test_ephemeral_conversation_store_is_bounded" time="0.001" /><testcase classname="tests.test_release_runner" name="test_score_turn_requires_inline_support_and_rejects_source_leakage" time="0.000" /><testcase classname="tests.test_release_runner" name="test_http_error_contract_is_scored_without_answer_metrics" time="0.000" /><testcase classname="tests.test_release_runner" name="test_metrics_and_frozen_thresholds_are_deterministic" time="0.000" /></testsuite></testsuites>