<?xml version="1.0" encoding="utf-8"?><testsuites name="pytest tests"><testsuite name="pytest" errors="0" failures="0" skipped="0" tests="57" time="0.661" timestamp="2026-08-22T13:01:15.630306+08:00" hostname="Eric"><testcase classname="tests.api.test_retrieval" name="test_loads_only_unambiguous_chunks_with_expected_source_counts" time="0.001" /><testcase classname="tests.api.test_retrieval" name="test_router_is_deterministic_and_exposes_source_policy[\u81b3\u98df\u7ea4\u7ef4\u6709\u4ec0\u4e48\u8425\u517b\u4f5c\u7528\uff1f-nutrition-expected_sources0]" time="0.002" /><testcase classname="tests.api.test_retrieval" name="test_router_is_deterministic_and_exposes_source_policy[\u5e2e\u6211\u642d\u914d\u4e00\u4efd\u589e\u808c\u65e9\u9910\u98df\u8c31-recommendation-expected_sources1]" time="0.000" /><testcase classname="tests.api.test_retrieval" name="test_router_is_deterministic_and_exposes_source_policy[\u80be\u75c5\u4eba\u7fa4\u6709\u54ea\u4e9b\u996e\u98df\u7981\u5fcc\uff1f-contraindication-expected_sources2]" time="0.000" /><testcase classname="tests.api.test_retrieval" name="test_router_is_deterministic_and_exposes_source_policy[\u5e73\u53f0\u4f1a\u5458\u548c\u4f01\u4e1a\u670d\u52a1\u6709\u54ea\u4e9b\uff1f-platform-expected_sources3]" time="0.000" /><testcase classname="tests.api.test_retrieval" name="test_router_is_deterministic_and_exposes_source_policy[\u5e73\u53f0\u4f1a\u5458\u80fd\u5426\u83b7\u5f97\u4f4e\u94a0\u996e\u98df\u5efa\u8bae\uff1f-mixed-expected_sources4]" time="0.000" /><testcase classname="tests.api.test_retrieval" name="test_router_is_deterministic_and_exposes_source_policy[\u5982\u4f55\u4fee\u590d\u6c7d\u8f66\u53d1\u52a8\u673a\uff1f-out_of_scope-expected_sources5]" time="0.000" /><testcase classname="tests.api.test_retrieval" name="test_router_covers_supported_natural_language_aliases[211\u9910\u76d8\u6cd5\u5219\u600e\u4e48\u5206\u914d\uff1f-nutrition]" time="0.000" /><testcase classname="tests.api.test_retrieval" name="test_router_covers_supported_natural_language_aliases[\u897f\u5170\u82b1\u9002\u5408\u600e\u6837\u70f9\u8c03\uff1f-nutrition]" time="0.000" /><testcase classname="tests.api.test_retrieval" name="test_router_covers_supported_natural_language_aliases[\u8c46\u6d46\u548c\u9e21\u86cb\u80fd\u4e0d\u80fd\u4e00\u8d77\u5403\uff1f-nutrition]" time="0.000" /><testcase classname="tests.api.test_retrieval" name="test_router_covers_supported_natural_language_aliases[\u83e0\u83dc\u548c\u8c46\u8150\u80fd\u540c\u98df\u5417\uff1f-nutrition]" time="0.000" /><testcase classname="tests.api.test_retrieval" name="test_router_covers_supported_natural_language_aliases[\u514d\u8d39\u7248\u5305\u542b\u54ea\u4e9b\u529f\u80fd\uff1f-platform]" time="0.000" /><testcase classname="tests.api.test_retrieval" name="test_router_covers_supported_natural_language_aliases[\u6807\u51c6\u7248\u5305\u542b\u54ea\u4e9b\u670d\u52a1\uff1f-platform]" time="0.000" /><testcase classname="tests.api.test_retrieval" name="test_router_covers_supported_natural_language_aliases[\u4e13\u4e1a\u7248\u589e\u52a0\u4e86\u4ec0\u4e48\uff1f-platform]" time="0.000" /><testcase classname="tests.api.test_retrieval" name="test_router_covers_supported_natural_language_aliases[\u4f01\u4e1a\u5065\u5eb7\u7ba1\u5bb6\u9762\u5411\u4ec0\u4e48\u4f01\u4e1a\uff1f-platform]" time="0.000" /><testcase classname="tests.api.test_retrieval" name="test_router_covers_supported_natural_language_aliases[\u5e73\u53f0\u6709\u54ea\u4e9b\u589e\u503c\u670d\u52a1\uff1f-platform]" time="0.000" /><testcase classname="tests.api.test_retrieval" name="test_router_covers_supported_natural_language_aliases[API\u5f00\u653e\u5e73\u53f0\u6709\u54ea\u4e9b\u5957\u9910\uff1f-platform]" time="0.000" /><testcase classname="tests.api.test_retrieval" name="test_router_covers_supported_natural_language_aliases[\u7ed9\u6211\u7a33\u7cd6\u98df\u8c31\u5e76\u4ecb\u7ecd\u4f01\u4e1a\u5065\u5eb7\u670d\u52a1-mixed]" time="0.000" /><testcase classname="tests.api.test_retrieval" name="test_router_covers_supported_natural_language_aliases[\u8bad\u7ec3\u540e\u600e\u4e48\u8865\u5145\uff1f-recommendation]" time="0.000" /><testcase classname="tests.api.test_retrieval" name="test_router_aliases_do_not_expand_unrelated_scope[\u660e\u5929\u5317\u4eac\u4f1a\u4e0b\u96e8\u5417\uff1f]" time="0.000" /><testcase classname="tests.api.test_retrieval" name="test_router_aliases_do_not_expand_unrelated_scope[\u7ed9\u6211\u5199\u4e00\u6bb5Python\u722c\u866b]" time="0.000" /><testcase classname="tests.api.test_retrieval" name="test_router_aliases_do_not_expand_unrelated_scope[\u5982\u4f55\u4fee\u590d\u6c7d\u8f66\u53d1\u52a8\u673a\uff1f]" time="0.000" /><testcase classname="tests.api.test_retrieval" name="test_nutrition_retrieval_never_returns_platform_source" time="0.004" /><testcase classname="tests.api.test_retrieval" name="test_platform_retrieval_is_c_only" time="0.000" /><testcase classname="tests.api.test_retrieval" name="test_mixed_route_reserves_core_and_platform_evidence" time="0.001" /><testcase classname="tests.api.test_retrieval" name="test_out_of_scope_route_returns_no_evidence" time="0.000" /><testcase classname="tests.api.test_retrieval" name="test_keyword_ranking_is_stable_and_auditable" time="0.001" /><testcase classname="tests.api.test_retrieval" name="test_curated_concept_hints_rank_primary_evidence_first[\u71d5\u9ea6\u7684\u81b3\u98df\u7ea4\u7ef4\u548cGI\u5982\u4f55\uff1f-A-p03-c03]" time="0.001" /><testcase classname="tests.api.test_retrieval" name="test_curated_concept_hints_rank_primary_evidence_first[\u51cf\u8102\u996e\u98df\u6709\u54ea\u4e9b\u6838\u5fc3\u539f\u5219\uff1f-A-p04-c01]" time="0.001" /><testcase classname="tests.api.test_retrieval" name="test_curated_concept_hints_rank_primary_evidence_first[\u9ad8\u8840\u538b\u996e\u98df\u9700\u8981\u6ce8\u610f\u4ec0\u4e48\uff1f-A-p04-c04]" time="0.001" /><testcase classname="tests.api.test_retrieval" name="test_curated_concept_hints_rank_primary_evidence_first[\u7cd9\u7c73\u53ef\u4ee5\u7528\u4ec0\u4e48\u540c\u7c7b\u98df\u6750\u66ff\u6362\uff1f-B-p05-c02]" time="0.001" /><testcase classname="tests.api.test_retrieval" name="test_curated_concept_hints_rank_primary_evidence_first[\u8bad\u7ec3\u540e\u600e\u4e48\u8865\u5145\uff1f-B-p06-c03]" time="0.001" /><testcase classname="tests.api.test_retrieval" name="test_curated_concept_hints_rank_primary_evidence_first[\u6807\u51c6\u7248\u5305\u542b\u54ea\u4e9b\u670d\u52a1\uff1f-C-p02-c01]" time="0.001" /><testcase classname="tests.api.test_retrieval" name="test_curated_concept_hints_rank_primary_evidence_first[\u4e13\u4e1a\u7248\u589e\u52a0\u4e86\u4ec0\u4e48\uff1f-C-p02-c02]" time="0.000" /><testcase classname="tests.api.test_retrieval" name="test_curated_concept_hints_rank_primary_evidence_first[\u4f01\u4e1a\u5065\u5eb7\u7ba1\u5bb6\u9762\u5411\u4ec0\u4e48\u4f01\u4e1a\uff1f-C-p02-c03]" time="0.001" /><testcase classname="tests.api.test_retrieval" name="test_curated_concept_hints_rank_primary_evidence_first[\u5e73\u53f0\u6709\u54ea\u4e9b\u589e\u503c\u670d\u52a1\uff1f-C-p03-c01]" time="0.000" /><testcase classname="tests.api.test_retrieval" name="test_curated_concept_hints_rank_primary_evidence_first[\u5e73\u53f0\u5982\u4f55\u8bf4\u660e\u6570\u636e\u5b89\u5168\u4e0e\u9690\u79c1\uff1f-C-p03-c03]" time="0.000" /><testcase classname="tests.api.test_retrieval" name="test_loader_rejects_c_chunk_that_claims_nutrition_route" time="0.005" /><testcase classname="tests.api.test_retrieval" name="test_loader_excludes_unknown_glyph_chunk" time="0.002" /><testcase classname="tests.api.test_chat_sse" name="test_mock_chat_sse_has_ordered_events_and_valid_final" time="0.019" /><testcase classname="tests.api.test_chat_sse" name="test_sse_respects_public_route_and_source_boundary[\u5e73\u53f0\u4f1a\u5458\u548c\u4f01\u4e1a\u670d\u52a1\u6709\u54ea\u4e9b\uff1f-platform-expected_sources0]" time="0.018" /><testcase classname="tests.api.test_chat_sse" name="test_sse_respects_public_route_and_source_boundary[\u81b3\u98df\u7ea4\u7ef4\u6709\u4ec0\u4e48\u8425\u517b\u4f5c\u7528\uff1f-nutrition-expected_sources1]" time="0.018" /><testcase classname="tests.api.test_chat_sse" name="test_mixed_sse_returns_core_and_platform_citations" time="0.019" /><testcase classname="tests.api.test_chat_sse" name="test_out_of_scope_uses_deterministic_guard_without_citations" time="0.016" /><testcase classname="tests.api.test_chat_sse" name="test_real_mode_without_credentials_fails_before_streaming" time="0.012" /><testcase classname="tests.api.test_chat_sse" name="test_provider_timeout_is_distinct_retryable_and_not_persisted" time="0.032" /><testcase classname="tests.api.test_chat_sse" name="test_uncited_provider_output_uses_validated_evidence_fallback" time="0.022" /><testcase classname="tests.api.test_chat_sse" name="test_evidence_fallback_selects_the_query_relevant_numeric_clause" time="0.018" /><testcase classname="tests.api.test_chat_sse" name="test_invalid_deterministic_fallback_still_fails_closed" time="0.018" /><testcase classname="tests.api.test_chat_sse" name="test_pipeline_repairs_invalid_inline_reference_once" time="0.018" /><testcase classname="tests.api.test_chat_sse" name="test_pipeline_rejects_secondary_only_citation_and_uses_primary_evidence" time="0.019" /><testcase classname="tests.api.test_chat_sse" name="test_s2_evidence_fallback_keeps_professional_boundary" time="0.019" /><testcase classname="tests.api.test_chat_sse" name="test_deterministic_fallback_isolated_across_concurrent_requests" time="0.009" /><testcase classname="tests.api.test_chat_sse" name="test_system_prompt_freezes_exact_inline_reference_syntax" time="0.000" /><testcase classname="tests.api.test_chat_sse" name="test_repair_prompt_limits_ids_and_includes_error_codes" time="0.000" /><testcase classname="tests.api.test_chat_sse" name="test_safety_and_validation_logs_exclude_raw_health_text" time="0.000" /><testcase classname="tests.api.test_chat_sse" name="test_ephemeral_conversation_store_is_bounded" time="0.001" /></testsuite></testsuites>