<?xml version="1.0" encoding="utf-8"?><testsuites name="pytest tests"><testsuite name="pytest" errors="0" failures="0" skipped="0" tests="5" time="0.108" timestamp="2026-08-22T12:42:54.808557+08:00" hostname="Eric"><testcase classname="tests.test_release_golden_dataset" name="test_release_golden_set_has_exact_frozen_coverage_and_valid_evidence" time="0.002" /><testcase classname="tests.test_release_golden_dataset" name="test_release_dataset_manifest_hashes_and_thresholds_are_frozen" time="0.001" /><testcase classname="tests.test_release_runner" name="test_score_turn_requires_inline_support_and_rejects_source_leakage" time="0.000" /><testcase classname="tests.test_release_runner" name="test_http_error_contract_is_scored_without_answer_metrics" time="0.000" /><testcase classname="tests.test_release_runner" name="test_metrics_and_frozen_thresholds_are_deterministic" time="0.000" /></testsuite></testsuites>