<?xml version="1.0" encoding="utf-8"?><testsuites name="pytest tests"><testsuite name="pytest" errors="0" failures="0" skipped="0" tests="29" time="0.653" timestamp="2026-08-22T13:44:03.671482+08:00" hostname="Eric"><testcase classname="tests.api.test_app" name="test_health_is_live_without_external_dependencies" time="0.014" /><testcase classname="tests.api.test_app" name="test_transparency_discloses_runtime_and_source_boundaries_without_secrets" time="0.013" /><testcase classname="tests.api.test_app" name="test_evaluation_summary_is_frozen_and_secret_free" time="0.013" /><testcase classname="tests.api.test_app" name="test_request_id_is_stable_and_exposed" time="0.012" /><testcase classname="tests.api.test_app" name="test_invalid_request_id_is_replaced" time="0.012" /><testcase classname="tests.api.test_app" name="test_cors_allows_only_configured_web_origin" time="0.014" /><testcase classname="tests.api.test_app" name="test_openapi_contains_health_chat_and_shared_contracts" time="0.077" /><testcase classname="tests.api.test_app" name="test_chat_mock_sse_is_explicitly_disclosed" time="0.017" /><testcase classname="tests.api.test_app" name="test_validation_and_404_use_stable_error_contract" time="0.014" /><testcase classname="tests.api.test_app" name="test_request_body_limit_fails_before_validation_with_stable_413" time="0.012" /><testcase classname="tests.api.test_app" name="test_string_limits_trim_before_validation" time="0.016" /><testcase classname="tests.api.test_app" name="test_method_not_allowed_uses_stable_error_contract" time="0.012" /><testcase classname="tests.api.test_app" name="test_production_cannot_start_with_mock_llm" time="0.001" /><testcase classname="tests.api.test_providers" name="test_mock_provider_is_unmistakably_disclosed" time="0.001" /><testcase classname="tests.api.test_providers" name="test_factory_builds_mock_only_when_explicit" time="0.001" /><testcase classname="tests.api.test_providers" name="test_failover_uses_backup_only_for_retryable_primary_failure" time="0.001" /><testcase classname="tests.api.test_providers" name="test_failover_does_not_retry_non_retryable_rejection" time="0.001" /><testcase classname="tests.api.test_providers" name="test_failover_normalizes_dual_failure" time="0.001" /><testcase classname="tests.api.test_providers" name="test_factory_builds_explicit_real_failover" time="0.065" /><testcase classname="tests.api.test_providers" name="test_settings_reject_empty_enabled_fallback_key" time="0.001" /><testcase classname="tests.api.test_providers" name="test_factory_rejects_incomplete_real_configuration" time="0.001" /><testcase classname="tests.api.test_providers" name="test_factory_rejects_empty_primary_key" time="0.001" /><testcase classname="tests.api.test_providers" name="test_real_provider_parses_openai_compatible_response" time="0.001" /><testcase classname="tests.api.test_providers" name="test_real_provider_forwards_optional_reasoning_effort" time="0.001" /><testcase classname="tests.api.test_providers" name="test_real_provider_marks_429_retryable_without_leaking_body" time="0.001" /><testcase classname="tests.api.test_providers" name="test_real_provider_marks_400_non_retryable" time="0.001" /><testcase classname="tests.api.test_providers" name="test_real_provider_normalizes_timeout" time="0.001" /><testcase classname="tests.api.test_providers" name="test_real_provider_distinguishes_connection_failure" time="0.001" /><testcase classname="tests.api.test_providers" name="test_real_provider_rejects_invalid_success_payload" time="0.001" /></testsuite></testsuites>