<?xml version="1.0" encoding="utf-8"?><testsuites name="pytest tests"><testsuite name="pytest" errors="0" failures="0" skipped="0" tests="10" time="0.779" timestamp="2026-08-22T11:03:37.482177+08:00" hostname="Eric"><testcase classname="tests.api.test_auth" name="test_registration_claims_anonymous_history_and_requires_bearer_afterward" time="0.061" /><testcase classname="tests.api.test_auth" name="test_login_returns_canonical_claimed_session_and_rejects_wrong_password" time="0.154" /><testcase classname="tests.api.test_auth" name="test_claim_conflicts_and_cross_account_access_are_fail_closed" time="0.134" /><testcase classname="tests.api.test_auth" name="test_logout_revokes_only_the_presented_token" time="0.054" /><testcase classname="tests.api.test_auth" name="test_auth_validation_and_cors_authorization_header" time="0.014" /><testcase classname="tests.test_database_lifecycle" name="test_migration_checksum_input_is_stable_across_line_endings" time="0.000" /><testcase classname="tests.test_database_lifecycle" name="test_migrations_are_unique_and_strictly_ordered" time="0.001" /><testcase classname="tests.test_database_lifecycle" name="test_invalid_migration_filename_is_rejected" time="0.005" /><testcase classname="tests.test_database_lifecycle" name="test_seed_payload_matches_frozen_counts_and_source_boundary" time="0.007" /><testcase classname="tests.test_database_lifecycle" name="test_seed_validation_rejects_c_route_leakage" time="0.006" /></testsuite></testsuites>