<?xml version="1.0" encoding="utf-8"?><testsuites name="pytest tests"><testsuite name="pytest" errors="0" failures="0" skipped="0" tests="52" time="0.508" timestamp="2026-08-21T22:53:46.549986+08:00" hostname="Eric"><testcase classname="tests.api.test_evidence" name="test_builder_produces_exact_traceable_excerpts" time="0.005" /><testcase classname="tests.api.test_evidence" name="test_context_blocks_have_hard_evidence_delimiters" time="0.003" /><testcase classname="tests.api.test_evidence" name="test_validator_accepts_real_citation_and_inline_reference" time="0.003" /><testcase classname="tests.api.test_evidence" name="test_validator_rejects_unknown_citation" time="0.000" /><testcase classname="tests.api.test_evidence" name="test_validator_rejects_tampered_citation[page-999-citation_metadata_mismatch]" time="0.003" /><testcase classname="tests.api.test_evidence" name="test_validator_rejects_tampered_citation[section-\u4e0d\u5b58\u5728\u7684\u7ae0\u8282-citation_metadata_mismatch]" time="0.003" /><testcase classname="tests.api.test_evidence" name="test_validator_rejects_tampered_citation[excerpt-\u4e0d\u5b58\u5728\u4e8e\u539f\u6587\u7684\u6458\u5f55-citation_excerpt_mismatch]" time="0.003" /><testcase classname="tests.api.test_evidence" name="test_validator_rejects_platform_citation_for_nutrition" time="0.003" /><testcase classname="tests.api.test_evidence" name="test_validator_rejects_inline_reference_not_returned" time="0.003" /><testcase classname="tests.api.test_evidence" name="test_validator_requires_inline_reference_for_supported_answer" time="0.003" /><testcase classname="tests.api.test_evidence" name="test_validator_rejects_an_uncited_factual_clause" time="0.004" /><testcase classname="tests.api.test_evidence" name="test_validator_rejects_numeric_claim_missing_from_bound_evidence" time="0.003" /><testcase classname="tests.api.test_evidence" name="test_validator_rejects_claim_without_a_text_anchor_in_bound_evidence" time="0.003" /><testcase classname="tests.api.test_evidence" name="test_out_of_scope_refusal_is_valid_without_evidence" time="0.000" /><testcase classname="tests.api.test_evidence" name="test_duplicate_citations_are_rejected" time="0.003" /><testcase classname="tests.api.test_evidence" name="test_mixed_route_accepts_one_core_and_one_platform_citation" time="0.003" /><testcase classname="tests.api.test_chat_sse" name="test_mock_chat_sse_has_ordered_events_and_valid_final" time="0.013" /><testcase classname="tests.api.test_chat_sse" name="test_sse_respects_public_route_and_source_boundary[\u5e73\u53f0\u4f1a\u5458\u548c\u4f01\u4e1a\u670d\u52a1\u6709\u54ea\u4e9b\uff1f-platform-expected_sources0]" time="0.011" /><testcase classname="tests.api.test_chat_sse" name="test_sse_respects_public_route_and_source_boundary[\u81b3\u98df\u7ea4\u7ef4\u6709\u4ec0\u4e48\u8425\u517b\u4f5c\u7528\uff1f-nutrition-expected_sources1]" time="0.010" /><testcase classname="tests.api.test_chat_sse" name="test_mixed_sse_returns_core_and_platform_citations" time="0.013" /><testcase classname="tests.api.test_chat_sse" name="test_out_of_scope_uses_deterministic_guard_without_citations" time="0.010" /><testcase classname="tests.api.test_chat_sse" name="test_real_mode_without_credentials_fails_before_streaming" time="0.006" /><testcase classname="tests.api.test_chat_sse" name="test_uncited_provider_output_uses_validated_evidence_fallback" time="0.011" /><testcase classname="tests.api.test_chat_sse" name="test_invalid_deterministic_fallback_still_fails_closed" time="0.010" /><testcase classname="tests.api.test_chat_sse" name="test_pipeline_repairs_invalid_inline_reference_once" time="0.011" /><testcase classname="tests.api.test_chat_sse" name="test_s2_evidence_fallback_keeps_professional_boundary" time="0.011" /><testcase classname="tests.api.test_chat_sse" name="test_deterministic_fallback_isolated_across_concurrent_requests" time="0.007" /><testcase classname="tests.api.test_chat_sse" name="test_system_prompt_freezes_exact_inline_reference_syntax" time="0.000" /><testcase classname="tests.api.test_chat_sse" name="test_repair_prompt_limits_ids_and_includes_error_codes" time="0.000" /><testcase classname="tests.api.test_chat_sse" name="test_safety_and_validation_logs_exclude_raw_health_text" time="0.000" /><testcase classname="tests.api.test_chat_sse" name="test_ephemeral_conversation_store_is_bounded" time="0.001" /><testcase classname="tests.api.test_safety" name="test_emergency_signals_are_s3_and_stop_generation[\u6211\u73b0\u5728\u80f8\u75db\u800c\u4e14\u80f8\u53e3\u50cf\u88ab\u538b\u4f4f\u3002]" time="0.000" /><testcase classname="tests.api.test_safety" name="test_emergency_signals_are_s3_and_stop_generation[\u6211\u547c\u5438\u56f0\u96be\uff0c\u8bf4\u4e0d\u51fa\u5b8c\u6574\u7684\u8bdd\u3002]" time="0.000" /><testcase classname="tests.api.test_safety" name="test_emergency_signals_are_s3_and_stop_generation[\u5bb6\u4eba\u4f4e\u8840\u7cd6\u62bd\u6410\u5e76\u5931\u53bb\u610f\u8bc6\u3002]" time="0.000" /><testcase classname="tests.api.test_safety" name="test_emergency_signals_are_s3_and_stop_generation[\u5403\u867e\u540e\u4e25\u91cd\u8fc7\u654f\uff0c\u5589\u5499\u80bf\u4e86\u3002]" time="0.000" /><testcase classname="tests.api.test_safety" name="test_medication_adjustment_is_refused_before_generation" time="0.000" /><testcase classname="tests.api.test_safety" name="test_s2_profile_allows_only_general_guidance" time="0.000" /><testcase classname="tests.api.test_safety" name="test_high_risk_precise_prescription_is_refused" time="0.000" /><testcase classname="tests.api.test_safety" name="test_allergy_and_condition_create_s1_hard_filter_tags" time="0.000" /><testcase classname="tests.api.test_safety" name="test_message_only_allergy_creates_a_hard_filter_tag" time="0.000" /><testcase classname="tests.api.test_safety" name="test_candidate_filter_rejects_before_any_model_prompt" time="0.000" /><testcase classname="tests.api.test_safety" name="test_standard_query_remains_s0" time="0.000" /><testcase classname="tests.api.test_safety" name="test_required_notice_is_appended_deterministically" time="0.000" /><testcase classname="tests.api.test_safety" name="test_output_validator_rejects_high_risk_generated_claims[\u5efa\u8bae\u4f60\u8c03\u6574\u5242\u91cf\u3002-forbidden_medication_directive]" time="0.000" /><testcase classname="tests.api.test_safety" name="test_output_validator_rejects_high_risk_generated_claims[\u4f60\u5df2\u7ecf\u786e\u8bca\u4e3a\u7cd6\u5c3f\u75c5\u3002-forbidden_diagnosis]" time="0.000" /><testcase classname="tests.api.test_safety" name="test_output_validator_rejects_high_risk_generated_claims[\u8fd9\u4e2a\u65b9\u6848\u4fdd\u8bc1\u6709\u6548\u5e76\u80fd\u6839\u6cbb\u75be\u75c5\u3002-forbidden_absolute_treatment_claim]" time="0.001" /><testcase classname="tests.api.test_safety" name="test_api_stops_high_risk_requests_before_provider[\u6211\u80f8\u75db\u800c\u4e14\u547c\u5438\u56f0\u96be\u3002-S3-emergency_stop]" time="0.010" /><testcase classname="tests.api.test_safety" name="test_api_stops_high_risk_requests_before_provider[\u8bf7\u544a\u8bc9\u6211\u600e\u4e48\u505c\u836f\u5e76\u8c03\u6574\u5242\u91cf\u3002-S2-refuse]" time="0.010" /><testcase classname="tests.api.test_safety" name="test_api_marks_profile_constrained_general_answer_as_s2" time="0.013" /><testcase classname="tests.api.test_safety" name="test_pipeline_repairs_a_precise_s2_target_once_and_adds_notice" time="0.011" /><testcase classname="tests.api.test_safety" name="test_emergency_stop_clears_history_and_does_not_pollute_next_turn[asyncio]" time="0.005" /><testcase classname="tests.api.test_safety" name="test_deterministic_refusal_is_not_committed_to_generation_history[asyncio]" time="0.004" /></testsuite></testsuites>